<?xml version="1.0" encoding="UTF-8"?>
<!-- Generated by org.testng.reporters.JUnitReportReporter -->
<testsuite hostname="shahid" failures="0" tests="1" name="demoproject.Varify_Date_and_time_picker" time="0.289" errors="0" timestamp="2024-12-06T15:54:11 IST" skipped="0">
  <testcase classname="demoproject.Varify_Date_and_time_picker" name="testdate_and_time" time="0.289"/>
</testsuite> <!-- demoproject.Varify_Date_and_time_picker -->
