<?xml version="1.0" encoding="UTF-8"?>
<!-- Generated by org.testng.reporters.JUnitReportReporter -->
<testsuite hostname="shahid" failures="0" tests="1" name="demoproject.Varify_Autocomplete" time="0.195" errors="0" timestamp="2024-12-06T14:37:32 IST" skipped="0">
  <testcase classname="demoproject.Varify_Autocomplete" name="testAutoComplete" time="0.195"/>
</testsuite> <!-- demoproject.Varify_Autocomplete -->
