<?xml version="1.0" encoding="UTF-8"?>
<!-- Generated by org.testng.reporters.JUnitReportReporter -->
<testsuite hostname="shahid" failures="0" tests="1" name="demoproject.AutomateDateTimePicker" time="0.258" errors="0" timestamp="2024-12-06T15:47:46 IST" skipped="0">
  <testcase classname="demoproject.AutomateDateTimePicker" name="testDateTimePicker" time="0.258"/>
</testsuite> <!-- demoproject.AutomateDateTimePicker -->
